[0mGET /api/ [31m500[0m 2.324 ms - 1932[0m
[0mGET /api/ [31m500[0m 0.443 ms - 1932[0m
[0mGET /api/ [32m200[0m 2.334 ms - 136[0m
[0mGET /api/ [32m200[0m 2.379 ms - 136[0m
[0mGET /api [32m200[0m 3.545 ms - 136[0m
[0mGET /favicon.ico [33m404[0m 1.535 ms - 1883[0m
[0mGET /api [32m200[0m 3.566 ms - 136[0m
[0mGET /api [32m200[0m 0.328 ms - 136[0m
[0mGET /api [32m200[0m 3.571 ms - 136[0m
[0mGET /favicon.ico [33m404[0m 1.429 ms - 1883[0m
[0mGET /api [32m200[0m 0.547 ms - 136[0m
[0mGET /api/ [32m200[0m 0.372 ms - 136[0m
[0mGET /api/ [32m200[0m 3.892 ms - 136[0m
[0mGET /api/ [32m200[0m 4.174 ms - 136[0m
[0mGET /api/ [32m200[0m 4.042 ms - 136[0m
[0mGET /api/ [32m200[0m 0.666 ms - 136[0m
[0mGET /api/ [32m200[0m 0.358 ms - 136[0m
[0mGET /api/ [32m200[0m 8.476 ms - 136[0m
[0mGET /api/ [31m500[0m 9.153 ms - 1933[0m
[0mGET /api/ [31m500[0m 13.093 ms - 1933[0m
[0mGET /api/ [32m200[0m 14.248 ms - 2[0m
[0mGET /api/ [32m200[0m 14.893 ms - 2[0m
[0mGET /api/ [32m200[0m 4.690 ms - 2[0m
[0mGET /api/ [32m200[0m 24.455 ms - 2[0m
[0mGET /api/ [32m200[0m 17.518 ms - 2[0m
[0mGET /api/ [32m200[0m 16.088 ms - 2[0m
[0mGET /api/ [32m200[0m 14.180 ms - 2[0m
[0mGET /api/ [32m200[0m 3.520 ms - 2[0m
[0mGET /api/ [32m200[0m 4.077 ms - 2[0m
[0mGET /api/ [32m200[0m 4.070 ms - 2[0m
[0mGET /api/ [32m200[0m 4.080 ms - 2[0m
[0mGET /api/ [32m200[0m 3.552 ms - 2[0m
[0mGET /api/ [32m200[0m 1.615 ms - 2[0m
[0mGET /api/ [32m200[0m 13.973 ms - 2[0m
[0mGET /api/ [32m200[0m 3.523 ms - 2[0m
[0mGET /api/ [32m200[0m 3.683 ms - 2[0m
[0mGET /api/ [32m200[0m 4.286 ms - 2[0m
[0mGET /api/ [32m200[0m 3.565 ms - 2[0m
[0mGET /api/ [32m200[0m 3.395 ms - 2[0m
[0mGET /api/ [32m200[0m 3.572 ms - 2[0m
[0mGET /api/ [32m200[0m 3.214 ms - 2[0m
[0mGET /api/ [32m200[0m 3.487 ms - 2[0m
[0mOPTIONS /api/ [32m200[0m 0.657 ms - 13[0m
[0mGET /api/ [32m200[0m 3.623 ms - 2[0m
[0mGET /api/ [32m200[0m 3.980 ms - 2[0m
[0mOPTIONS /api/ [32m200[0m 0.279 ms - 13[0m
[0mGET /api/ [32m200[0m 3.317 ms - 2[0m
[0mOPTIONS /api/ [32m200[0m 0.166 ms - 13[0m
[0mOPTIONS /api/ [32m200[0m 2.236 ms - 13[0m
[0mOPTIONS /api/ [32m200[0m 2.110 ms - 13[0m
[0mGET /api/ [32m200[0m 16.491 ms - 2[0m
[0mGET /api/ [36m304[0m 14.595 ms - -[0m
[0mOPTIONS /api/ [32m200[0m 0.694 ms - 13[0m
[0mOPTIONS /api/ [32m200[0m 2.124 ms - 13[0m
[0mGET /api/ [32m200[0m 23.405 ms - 2[0m
[0mGET /api/ [32m200[0m 2.230 ms - 6[0m
[0mGET /api/ [33m404[0m 2.599 ms - 2107[0m
[0mOPTIONS /api/ [33m404[0m 0.585 ms - 2107[0m
[0mGET /api/ [33m404[0m 0.418 ms - 2107[0m
[0mOPTIONS /api/ [33m404[0m 0.364 ms - 2107[0m
[0mGET /api/ [33m404[0m 2.469 ms - 2011[0m
[0mOPTIONS /api/ [32m204[0m 0.473 ms - 0[0m
[0mPOST /api/ [32m200[0m 14.105 ms - 6[0m
[0mGET /api/ [32m200[0m 16.777 ms - 2[0m
[0mOPTIONS /api/ [32m204[0m 0.483 ms - 0[0m
[0mPOST /api/ [32m200[0m 13.350 ms - 2[0m
[0mOPTIONS /api/ [32m204[0m 1.005 ms - 0[0m
[0mPOST /api/ [32m200[0m 22.489 ms - 2[0m
[0mOPTIONS /api/ [32m204[0m 1.038 ms - 0[0m
[0mPOST /api/ [32m200[0m 357.991 ms - 2[0m
[0mOPTIONS /api/ [32m204[0m 1.025 ms - 0[0m
[0mPOST /api/ [32m200[0m 157.337 ms - 2[0m
[0mOPTIONS /api/ [32m204[0m 0.673 ms - 0[0m
[0mPOST /api/ [32m200[0m 129.043 ms - 2[0m
[0mOPTIONS /api/ [32m204[0m 1.016 ms - 0[0m
[0mPOST /api/ [32m200[0m 217.518 ms - 2[0m
[0mGET /api/ [32m200[0m 4.524 ms - 2[0m
[0mGET /api/ [32m200[0m 3.838 ms - 2[0m
[0mPOST /api/ [32m200[0m 239.389 ms - 2[0m
[0mGET /api/ [32m200[0m 11.225 ms - 2[0m
[0mOPTIONS /api/ [32m204[0m 0.082 ms - 0[0m
[0mPOST /api/ [32m200[0m 201.232 ms - 2[0m
[0mOPTIONS /api/ [32m204[0m 1.037 ms - 0[0m
[0mPOST /api/ [32m200[0m 50.828 ms - 42[0m
[0mGET /api/ [32m200[0m 16.171 ms - 44[0m
[0mGET /api/ [32m200[0m 4.393 ms - 2[0m
[0mPOST /api/ [32m200[0m 18.459 ms - 42[0m
[0mPOST /api/ [32m200[0m 220.158 ms - 42[0m
[0mPOST /api/ [31m500[0m 13.181 ms - 2092[0m
[0mPOST /api/ [31m500[0m 12.649 ms - 2090[0m
[0mPOST /api/ [32m200[0m 30.258 ms - 42[0m
[0mGET /api/ [32m200[0m 16.704 ms - 130[0m
[0mGET /api/ [32m200[0m 4.817 ms - 130[0m
[0mGET /api/ [32m200[0m 4.312 ms - 2[0m
[0mOPTIONS /api/ [32m204[0m 0.475 ms - 0[0m
[0mPOST /api/ [33m404[0m 37.050 ms - 1870[0m
[0mOPTIONS /api/ [32m204[0m 1.071 ms - 0[0m
[0mPOST /api/ [33m404[0m 32.458 ms - 1870[0m
[0mOPTIONS /api/ [32m204[0m 1.016 ms - 0[0m
[0mPOST /api/ [33m404[0m 32.792 ms - 1593[0m
[0mOPTIONS /api/ [32m204[0m 1.010 ms - 0[0m
[0mPOST /api/ [33m404[0m 57.113 ms - 1593[0m
[0mOPTIONS /api/ [32m204[0m 1.030 ms - 0[0m
[0mPOST /api/ [32m200[0m 43.925 ms - 84[0m
[0mGET /api/ [32m200[0m 12.011 ms - 86[0m
[0mGET /api/ [32m200[0m 15.984 ms - 2[0m
[0mOPTIONS /api/ [32m204[0m 0.567 ms - 0[0m
[0mPOST /api/ [32m200[0m 40.808 ms - 77[0m
[0mOPTIONS /api/ [32m204[0m 1.058 ms - 0[0m
[0mPOST /api/ [32m200[0m 43.572 ms - 84[0m
[0mOPTIONS /api/ [32m204[0m 0.120 ms - 0[0m
[0mPOST /api/ [32m200[0m 9.080 ms - 84[0m
[0mGET /api/ [32m200[0m 14.548 ms - 171[0m
[0mOPTIONS /api/ [32m204[0m 0.072 ms - 0[0m
[0mPOST /api/ [33m404[0m 16.829 ms - 1870[0m
[0mOPTIONS /api/ [32m204[0m 0.086 ms - 0[0m
[0mPOST /api/ [32m200[0m 13.649 ms - 78[0m
[0mGET /api/ [32m200[0m 4.507 ms - 250[0m
[0mGET /api/ [32m200[0m 18.719 ms - 2[0m
[0mOPTIONS /api/ [32m204[0m 0.404 ms - 0[0m
[0mPOST /api/ [33m404[0m 71.194 ms - 1950[0m
[0mGET /api/ [36m304[0m 6.438 ms - -[0m
[0mGET /api/ [36m304[0m 5.762 ms - -[0m
[0mOPTIONS /api/ [32m204[0m 0.078 ms - 0[0m
[0mPOST /api/ [32m200[0m 23.363 ms - 72[0m
[0mGET /api/ [32m200[0m 16.104 ms - 74[0m
[0mOPTIONS /api/ [32m204[0m 0.090 ms - 0[0m
[0mPOST /api/ [33m404[0m 3.441 ms - 1950[0m
[0mOPTIONS /api/ [32m204[0m 0.102 ms - 0[0m
[0mPOST /api/ [33m404[0m 1.514 ms - 1950[0m
[0mGET /api/ [36m304[0m 5.051 ms - -[0m
[0mOPTIONS /api/ [32m204[0m 0.090 ms - 0[0m
[0mPOST /api/ [33m404[0m 5.858 ms - 1950[0m
[0mGET /api/ [36m304[0m 23.345 ms - -[0m
[0mOPTIONS /api/ [32m204[0m 0.139 ms - 0[0m
[0mPOST /api/ [32m200[0m 22.011 ms - 75[0m
[0mGET /api/ [32m200[0m 14.740 ms - 150[0m
[0mGET /api/ [32m200[0m 22.708 ms - 2[0m
[0mGET /api/ [36m304[0m 19.742 ms - -[0m
[0mGET /api/ [36m304[0m 7.366 ms - -[0m
[0mGET /api/ [36m304[0m 6.789 ms - -[0m
[0mGET /api/ [36m304[0m 5.590 ms - -[0m
[0mGET /api/ [36m304[0m 36.728 ms - -[0m
[0mGET /api/ [36m304[0m 6.674 ms - -[0m
[0mGET /api/ [36m304[0m 5.136 ms - -[0m
[0mGET /api/ [36m304[0m 5.650 ms - -[0m
[0mGET /api/ [36m304[0m 6.323 ms - -[0m
[0mGET /api/ [36m304[0m 6.609 ms - -[0m
[0mGET /api/ [36m304[0m 6.407 ms - -[0m
[0mGET /api/ [36m304[0m 6.351 ms - -[0m
[0mGET /api/ [36m304[0m 7.296 ms - -[0m
[0mGET /api/ [36m304[0m 13.049 ms - -[0m
[0mGET /api/ [36m304[0m 7.015 ms - -[0m
[0mGET /api/ [36m304[0m 5.867 ms - -[0m
[0mGET /api/ [36m304[0m 5.745 ms - -[0m
[0mGET /api/ [36m304[0m 5.414 ms - -[0m
[0mGET /api/ [36m304[0m 5.910 ms - -[0m
[0mGET /api/ [36m304[0m 5.847 ms - -[0m
[0mGET /api/ [36m304[0m 6.637 ms - -[0m
[0mGET /api/ [36m304[0m 6.769 ms - -[0m
[0mGET /api/ [36m304[0m 6.080 ms - -[0m
[0mGET /api/ [36m304[0m 6.922 ms - -[0m
[0mGET /api/ [36m304[0m 5.920 ms - -[0m
[0mGET /api/ [36m304[0m 6.885 ms - -[0m
[0mGET /api/ [36m304[0m 6.330 ms - -[0m
[0mGET /api/ [36m304[0m 6.206 ms - -[0m
[0mGET /api/ [36m304[0m 1.309 ms - -[0m
[0mGET /api/ [36m304[0m 7.709 ms - -[0m
[0mGET /api/ [32m200[0m 1.100 ms - 2[0m
[0mGET /api/ [36m304[0m 5.928 ms - -[0m
[0mGET /api/ [36m304[0m 1.034 ms - -[0m
[0mGET /api/ [36m304[0m 6.028 ms - -[0m
[0mGET /api/ [36m304[0m 6.862 ms - -[0m
[0mGET /api/ [36m304[0m 10.952 ms - -[0m
[0mGET /api/ [36m304[0m 19.524 ms - -[0m
[0mGET /api/ [36m304[0m 9.325 ms - -[0m
[0mGET /api/ [36m304[0m 4.617 ms - -[0m
[0mGET /api/ [36m304[0m 4.093 ms - -[0m
[0mGET /api/ [36m304[0m 5.903 ms - -[0m
[0mGET /api/ [36m304[0m 6.650 ms - -[0m
[0mGET /api/ [36m304[0m 6.864 ms - -[0m
[0mGET /api/ [36m304[0m 6.346 ms - -[0m
[0mGET /api/ [36m304[0m 7.018 ms - -[0m
[0mGET /api/ [36m304[0m 5.910 ms - -[0m
[0mGET /api/ [36m304[0m 8.049 ms - -[0m
[0mGET /api/ [36m304[0m 5.152 ms - -[0m
[0mGET /api/ [36m304[0m 7.802 ms - -[0m
[0mGET /api/ [36m304[0m 5.870 ms - -[0m
[0mGET /api/ [36m304[0m 4.586 ms - -[0m
[0mGET /api/ [36m304[0m 6.651 ms - -[0m
[0mGET /api/ [36m304[0m 4.201 ms - -[0m
[0mGET /api/ [36m304[0m 6.617 ms - -[0m
[0mGET /api/ [36m304[0m 6.133 ms - -[0m
[0mGET /api/ [36m304[0m 6.046 ms - -[0m
[0mGET /api/ [36m304[0m 5.809 ms - -[0m
[0mGET /api/ [36m304[0m 4.809 ms - -[0m
[0mGET /api/ [36m304[0m 5.289 ms - -[0m
[0mGET /api/ [36m304[0m 5.893 ms - -[0m
[0mGET /api/ [36m304[0m 5.856 ms - -[0m
[0mGET /api/ [36m304[0m 6.265 ms - -[0m
[0mGET /api/ [36m304[0m 5.057 ms - -[0m
[0mGET /api/ [36m304[0m 8.393 ms - -[0m
[0mGET /api/ [36m304[0m 5.348 ms - -[0m
[0mGET /api/ [36m304[0m 6.046 ms - -[0m
[0mGET /api/ [36m304[0m 7.264 ms - -[0m
[0mGET /api/ [36m304[0m 9.618 ms - -[0m
[0mGET /api/ [36m304[0m 6.061 ms - -[0m
[0mGET /api/ [36m304[0m 10.226 ms - -[0m
[0mGET /api/ [36m304[0m 9.724 ms - -[0m
[0mGET /api/ [36m304[0m 9.139 ms - -[0m
[0mGET /api/ [36m304[0m 6.713 ms - -[0m
[0mGET /api/ [36m304[0m 6.128 ms - -[0m
